<?xml version='1.0' encoding='UTF-8'?>
<result>
  <suites/>
  <duration>0.0</duration>
  <keepLongStdio>false</keepLongStdio>
</result>